<?xml version="1.0" encoding="UTF-8"?>
<!-- Generated by org.testng.reporters.JUnitReportReporter -->
<testsuite hostname="OPT-LTP-048" failures="0" tests="2" name="testNG1" time="0.025" errors="0" timestamp="2021-01-28T13:33:52 IST" skipped="0">
  <testcase classname="testNG1" name="SecondTest" time="0.004"/>
  <system-out/>
  <testcase classname="testNG1" name="Demo" time="0.021"/>
  <system-out/>
</testsuite> <!-- testNG1 -->
