<?xml version="1.0" encoding="UTF-8"?>
<!-- Generated by org.testng.reporters.JUnitReportReporter -->
<testsuite hostname="OPT-LTP-048" failures="0" tests="3" name="test.Basics4" time="0.008" errors="0" timestamp="2021-01-31T21:00:37 IST" skipped="0">
  <testcase classname="test.Basics4" name="WebloginhomeLoan" time="0.002"/>
  <system-out/>
  <testcase classname="test.Basics4" name="MobileloginhomeLoan" time="0.002"/>
  <system-out/>
  <testcase classname="test.Basics4" name="LoginApihomeLoan" time="0.004"/>
  <system-out/>
</testsuite> <!-- test.Basics4 -->
