<?xml version="1.0" encoding="UTF-8"?>
<!-- Generated by org.testng.reporters.JUnitReportReporter -->
<testsuite hostname="OPT-LTP-048" failures="0" tests="1" name="Basics2" time="0.014" errors="0" timestamp="2021-01-28T14:04:38 IST" skipped="0">
  <testcase classname="Basics2" name="ploan" time="0.014"/>
  <system-out/>
</testsuite> <!-- Basics2 -->
