<?xml version="1.0" encoding="UTF-8"?>
<!-- Generated by org.testng.reporters.JUnitReportReporter -->
<testsuite hostname="OPT-LTP-048" failures="0" tests="1" name="test.Basics2" time="0.001" errors="0" timestamp="2021-01-31T21:00:37 IST" skipped="0">
  <testcase classname="test.Basics2" name="ploan" time="0.001"/>
  <system-out/>
</testsuite> <!-- test.Basics2 -->
