<?xml version="1.0" encoding="UTF-8"?>
<!-- Generated by org.testng.reporters.JUnitReportReporter -->
<testsuite hostname="OPT-LTP-048" failures="0" tests="6" name="test.Basics3" time="0.023" errors="0" timestamp="2021-01-31T21:00:37 IST" skipped="1">
  <testcase classname="test.Basics3" name="MobilesignoutcarLoan" time="0.003"/>
  <system-out/>
  <testcase classname="test.Basics3" name="MobilesignoutcarLoan" time="0.004"/>
  <system-out/>
  <testcase classname="test.Basics3" name="MobilelogincarLoan" time="0.009"/>
  <system-out/>
  <testcase classname="test.Basics3" name="MobilesignoutcarLoan" time="0.005"/>
  <system-out/>
  <testcase classname="test.Basics3" name="WeblogincarLoan" time="0.002"/>
  <system-out/>
  <testcase classname="test.Basics3" name="MobilesignincarLoan">
    <skipped/>
  </testcase> <!-- MobilesignincarLoan -->
  <system-out/>
</testsuite> <!-- test.Basics3 -->
