<?xml version="1.0" encoding="UTF-8"?>
<!-- Generated by org.testng.reporters.JUnitReportReporter -->
<testsuite hostname="OPT-LTP-048" failures="0" tests="2" name="Basics1" time="0.010" errors="0" timestamp="2021-01-28T14:04:50 IST" skipped="0">
  <testcase classname="Basics1" name="SecondTest" time="0.001"/>
  <system-out/>
  <testcase classname="Basics1" name="Demo" time="0.009"/>
  <system-out/>
</testsuite> <!-- Basics1 -->
