<?xml version="1.0" encoding="UTF-8"?>
<!-- Generated by org.testng.reporters.JUnitReportReporter -->
<testsuite hostname="OPT-LTP-048" failures="0" tests="1" name="practise.AppiumFramework.Ecommerce_tc_4" time="47.752" errors="0" timestamp="2021-02-07T11:12:20 IST" skipped="0">
  <testcase classname="practise.AppiumFramework.Ecommerce_tc_4" name="totalValidation" time="47.752"/>
  <system-out/>
</testsuite> <!-- practise.AppiumFramework.Ecommerce_tc_4 -->
